<?xml version="1.0" encoding="UTF-8"?>
<!-- Generated by org.testng.reporters.JUnitReportReporter -->
<testsuite skipped="0" hostname="Admin-PC" name="com.crm.qa.testcases.test.ContactsTest" tests="5" failures="1" timestamp="20 Feb 2019 04:00:57 GMT" time="206.553" errors="0">
  <testcase name="selectCheckedRecordOptionTest" time="23.760" classname="com.crm.qa.testcases.test.ContactsTest"/>
  <testcase name="checkSortofCheckedRecordOptionTest" time="61.176" classname="com.crm.qa.testcases.test.ContactsTest">
    <failure type="java.lang.AssertionError" message="Dropdown values are not sorted expected [true] but found [false]">
      <![CDATA[java.lang.AssertionError: Dropdown values are not sorted expected [true] but found [false]
at org.testng.Assert.fail(Assert.java:96)
at org.testng.Assert.failNotEquals(Assert.java:776)
at org.testng.Assert.assertTrue(Assert.java:44)
at com.crm.qa.testcases.test.ContactsTest.checkSortofCheckedRecordOptionTest(ContactsTest.java:50)
at sun.reflect.NativeMethodAccessorImpl.invoke0(Native Method)
at sun.reflect.NativeMethodAccessorImpl.invoke(NativeMethodAccessorImpl.java:62)
at sun.reflect.DelegatingMethodAccessorImpl.invoke(DelegatingMethodAccessorImpl.java:43)
at java.lang.reflect.Method.invoke(Method.java:498)
at org.testng.internal.MethodInvocationHelper.invokeMethod(MethodInvocationHelper.java:124)
at org.testng.internal.Invoker.invokeMethod(Invoker.java:583)
at org.testng.internal.Invoker.invokeTestMethod(Invoker.java:719)
at org.testng.internal.Invoker.invokeTestMethods(Invoker.java:989)
at org.testng.internal.TestMethodWorker.invokeTestMethods(TestMethodWorker.java:125)
at org.testng.internal.TestMethodWorker.run(TestMethodWorker.java:109)
at org.testng.TestRunner.privateRun(TestRunner.java:648)
at org.testng.TestRunner.run(TestRunner.java:505)
at org.testng.SuiteRunner.runTest(SuiteRunner.java:455)
at org.testng.SuiteRunner.access$000(SuiteRunner.java:40)
at org.testng.SuiteRunner$SuiteWorker.run(SuiteRunner.java:489)
at org.testng.internal.thread.ThreadUtil$1.call(ThreadUtil.java:52)
at java.util.concurrent.FutureTask.run(FutureTask.java:266)
at java.util.concurrent.ThreadPoolExecutor.runWorker(ThreadPoolExecutor.java:1149)
at java.util.concurrent.ThreadPoolExecutor$Worker.run(ThreadPoolExecutor.java:624)
at java.lang.Thread.run(Thread.java:748)
]]>
    </failure>
  </testcase> <!-- checkSortofCheckedRecordOptionTest -->
  <testcase name="createNewContact" time="31.595" classname="com.crm.qa.testcases.test.ContactsTest"/>
  <testcase name="checkSortofViewOptionTest" time="53.064" classname="com.crm.qa.testcases.test.ContactsTest"/>
  <testcase name="deleteCheckedRecordsTest" time="36.958" classname="com.crm.qa.testcases.test.ContactsTest"/>
</testsuite> <!-- com.crm.qa.testcases.test.ContactsTest -->
